Starting Server Log Messages...
[INFO]: You are [www-data]
[INFO]: Trying to start server...
[STATS]: [1] elements inserted in [0:00:00.008698] DBManager.operationQuery()
[INFO]: Server [9ab785c5b28b] added into DB!
[INFO]: NEW SERVER CREATED!: serverid=[9ab785c5b28b], ip=[127.0.0.1], port=[4072], poll_interval=[0.5]. [Server [9ab785c5b28b] in socket [0.0.0.0:4072] status [RUNNING] in thread: [9ab785c5b28b]].
[INFO]: Server is Opened in Background
[DEBUG]: [NEW] RAW Connection Data Received: [GET / HTTP/1.1
Host: 127.0.0.1:4072
Connection: Upgrade
Pragma: no-cache
Cache-Control: no-cache
User-Agent: Mozilla/5.0 (Windows NT 10.0; Win64; x64) AppleWebKit/537.36 (KHTML, like Gecko) Chrome/101.0.4951.54 Safari/537.36
Upgrade: websocket
Origin: http://localhost:3333
Sec-WebSocket-Version: 13
Accept-Encoding: gzip, deflate, br
Accept-Language: es-ES,es;q=0.9
Sec-WebSocket-Key: dHldanKMULOxwtcNa4cZgQ==
Sec-WebSocket-Extensions: permessage-deflate; client_max_window_bits
Sec-WebSocket-Protocol: SJMP, %7B'clt-time'%3A%20'1651719353302'%2C%20'cameraid'%3A%20'f5287081-072f-4237-8375-11b79039e5ee'%2C%20'flag'%3A%20'SYN'%2C%20'type'%3A%20'BOTH'%7D

]
[DEBUG]: Incoming [camera.WebSocketSJMPCamera.WebSocketSJMPCamera] Protocol Connection...
[DEBUG]: Camera [f5287081-072f-4237-8375-11b79039e5ee], status [ONLINE] on [172.23.0.1:48422] logged in with sessionid = [eebc5ff6c98ade5a630d0e189280b363] protocol [<class 'protocols.WebSocketSJMPProtocol.WebSocketSJMPProtocol'>] type [BOTH] 
[DEBUG]: [9ab785c5b28b]-[0.0.0.0:4072] BaseRequestHandler.setup().
[DEBUG]: [9ab785c5b28b]-[0.0.0.0:4072] > Received one request from f5287081-072f-4237-8375-11b79039e5ee
[STATS]: Messages Processed: nmessages=[1];duration=[0:00:00.000535]
[DEBUG]: WebSocketMessage.getHeaders(): Incomming WS Message type [text].
[DEBUG]: WebSocketMessage.parseMessage(): WS Payload received LEN = [113]
[DEBUG]: {'id': 1, 'matricula': '1605-LDJ', 'numAparcamientos': 0, 'ultimoAparcamiento': None, 'idTipoVehiculo': 3, 'idUsuario': 1, 'created_at': datetime.datetime(2022, 5, 5, 2, 54, 22), 'updated_at': datetime.datetime(2022, 5, 5, 2, 54, 22)}
[DEBUG]: {'id': 1, 'matricula': '1605-LDJ', 'numAparcamientos': 0, 'ultimoAparcamiento': None, 'idTipoVehiculo': 3, 'idUsuario': 1, 'created_at': datetime.datetime(2022, 5, 5, 2, 54, 22), 'updated_at': datetime.datetime(2022, 5, 5, 2, 54, 22)}
[STATS]: [1] elements update in [0:00:00.004809] DBManager.operationQuery()
[STATS]: [1] elements inserted in [0:00:00.005340] DBManager.operationQuery()
[STATS]: Messages Processed: nmessages=[1];duration=[0:00:00.196525]
[DEBUG]: WebSocketMessage.getHeaders(): Incomming WS Message type [text].
[DEBUG]: WebSocketMessage.parseMessage(): WS Payload received LEN = [114]
[DEBUG]: {'id': 1, 'matricula': '1605-LDJ', 'numAparcamientos': 1, 'ultimoAparcamiento': datetime.datetime(2022, 5, 5, 2, 56, 26), 'idTipoVehiculo': 3, 'idUsuario': 1, 'created_at': datetime.datetime(2022, 5, 5, 2, 54, 22), 'updated_at': datetime.datetime(2022, 5, 5, 2, 54, 22)}
[DEBUG]: {'id': 1, 'matricula': '1605-LDJ', 'numAparcamientos': 1, 'ultimoAparcamiento': datetime.datetime(2022, 5, 5, 2, 56, 26), 'idTipoVehiculo': 3, 'idUsuario': 1, 'created_at': datetime.datetime(2022, 5, 5, 2, 54, 22), 'updated_at': datetime.datetime(2022, 5, 5, 2, 54, 22)}
[DEBUG]: {'id': 2, 'fechaEntrada': datetime.datetime(2022, 5, 5, 2, 56, 26), 'fechaSalida': None, 'valido': 1, 'incidencia': 0, 'idZona': 9, 'idVehiculo': 1, 'token': 'c085c633467e418f2e0abba6aa4b7f61ced5104de4c6e7cd755b5bd9c0fb5c0c7390b7fca96040ead9c2b3ef73a0640e0edeccb846752b4d7eb60929b9529e49', 'created_at': datetime.datetime(2022, 5, 5, 2, 56, 26), 'updated_at': datetime.datetime(2022, 5, 5, 2, 56, 26)}
[DEBUG]: {'id': 9, 'letra': 'I', 'plazas': 23, 'idTipoPlaza': 1, 'idAparcamiento': 1, 'created_at': datetime.datetime(2022, 5, 5, 2, 54, 22), 'updated_at': datetime.datetime(2022, 5, 5, 2, 54, 22)}
[STATS]: [1] elements update in [0:00:00.005968] DBManager.operationQuery()
[STATS]: Messages Processed: nmessages=[1];duration=[0:00:00.160077]
[DEBUG]: WebSocketMessage.getHeaders(): Incomming WS Message type [text].
[DEBUG]: WebSocketMessage.parseMessage(): WS Payload received LEN = [113]
[DEBUG]: {'id': 3, 'matricula': '3201-PGL', 'numAparcamientos': 0, 'ultimoAparcamiento': None, 'idTipoVehiculo': 5, 'idUsuario': 1, 'created_at': datetime.datetime(2022, 5, 5, 2, 54, 22), 'updated_at': datetime.datetime(2022, 5, 5, 2, 54, 22)}
[DEBUG]: {'id': 3, 'matricula': '3201-PGL', 'numAparcamientos': 0, 'ultimoAparcamiento': None, 'idTipoVehiculo': 5, 'idUsuario': 1, 'created_at': datetime.datetime(2022, 5, 5, 2, 54, 22), 'updated_at': datetime.datetime(2022, 5, 5, 2, 54, 22)}
[DEBUG]: {'id': 1, 'fechaEntrada': datetime.datetime(2022, 5, 5, 2, 54, 22), 'fechaSalida': None, 'valido': 1, 'incidencia': 1, 'idZona': 7, 'idVehiculo': 3, 'token': '8c683bf66d6cc190ac7cf5aa8ad2f6be6e8fbeb6113945ad72104339332f04127122bd76c1c201d1a9a568db2f646091d6b0be0312a8c9f4bcfd96f13e0c847d', 'created_at': datetime.datetime(2022, 5, 5, 2, 54, 22), 'updated_at': datetime.datetime(2022, 5, 5, 2, 54, 22)}
[DEBUG]: {'id': 7, 'letra': 'G', 'plazas': 21, 'idTipoPlaza': 2, 'idAparcamiento': 1, 'created_at': datetime.datetime(2022, 5, 5, 2, 54, 22), 'updated_at': datetime.datetime(2022, 5, 5, 2, 54, 22)}
[ERROR]: SJMPHandler.processINFlag(matricula=[3201-PGL]) The vehicle with plate [3201-PGL] is already parked in [G1] 
[STATS]: Messages Processed: nmessages=[1];duration=[0:00:00.170703]
[DEBUG]: WebSocketMessage.getHeaders(): Incomming WS Message type [text].
[DEBUG]: WebSocketMessage.parseMessage(): WS Payload received LEN = [114]
[DEBUG]: {'id': 3, 'matricula': '3201-PGL', 'numAparcamientos': 0, 'ultimoAparcamiento': None, 'idTipoVehiculo': 5, 'idUsuario': 1, 'created_at': datetime.datetime(2022, 5, 5, 2, 54, 22), 'updated_at': datetime.datetime(2022, 5, 5, 2, 54, 22)}
[DEBUG]: {'id': 3, 'matricula': '3201-PGL', 'numAparcamientos': 0, 'ultimoAparcamiento': None, 'idTipoVehiculo': 5, 'idUsuario': 1, 'created_at': datetime.datetime(2022, 5, 5, 2, 54, 22), 'updated_at': datetime.datetime(2022, 5, 5, 2, 54, 22)}
[DEBUG]: {'id': 1, 'fechaEntrada': datetime.datetime(2022, 5, 5, 2, 54, 22), 'fechaSalida': None, 'valido': 1, 'incidencia': 1, 'idZona': 7, 'idVehiculo': 3, 'token': '8c683bf66d6cc190ac7cf5aa8ad2f6be6e8fbeb6113945ad72104339332f04127122bd76c1c201d1a9a568db2f646091d6b0be0312a8c9f4bcfd96f13e0c847d', 'created_at': datetime.datetime(2022, 5, 5, 2, 54, 22), 'updated_at': datetime.datetime(2022, 5, 5, 2, 54, 22)}
[DEBUG]: {'id': 7, 'letra': 'G', 'plazas': 21, 'idTipoPlaza': 2, 'idAparcamiento': 1, 'created_at': datetime.datetime(2022, 5, 5, 2, 54, 22), 'updated_at': datetime.datetime(2022, 5, 5, 2, 54, 22)}
[STATS]: [1] elements update in [0:00:00.012517] DBManager.operationQuery()
[STATS]: Messages Processed: nmessages=[1];duration=[0:00:00.140561]
[DEBUG]: WebSocketMessage.getHeaders(): Incomming WS Message type [close].
[DEBUG]: WebSocketMessage.parseMessage(): WS Payload received LEN = [0]
[INFO]: Connection with [f5287081-072f-4237-8375-11b79039e5ee] is Closed
[WARNING]: Something went wrong! BaseCamera.addInputBuffer()
[CRITICAL]: Was not posible to process rawdata. BaseProtocol.loadRequest()
[STATS]: Messages Processed: nmessages=[1];duration=[0:00:00.034050]
