Starting Server Log Messages...
[INFO]: You are [www-data]
[INFO]: Trying to start server...
[STATS]: [1] elements inserted in [0:00:00.005493] DBManager.operationQuery()
[INFO]: Server [bd75260b3e63] added into DB!
[INFO]: NEW SERVER CREATED!: serverid=[bd75260b3e63], ip=[127.0.0.1], port=[4055], poll_interval=[0.5]. [Server [bd75260b3e63] in socket [0.0.0.0:4055] status [RUNNING] in thread: [bd75260b3e63]].
[INFO]: Server is Opened in Background
[DEBUG]: [NEW] RAW Connection Data Received: [GET / HTTP/1.1
Host: 127.0.0.1:4055
Connection: Upgrade
Pragma: no-cache
Cache-Control: no-cache
User-Agent: Mozilla/5.0 (Windows NT 10.0; Win64; x64) AppleWebKit/537.36 (KHTML, like Gecko) Chrome/101.0.4951.54 Safari/537.36
Upgrade: websocket
Origin: http://localhost:3333
Sec-WebSocket-Version: 13
Accept-Encoding: gzip, deflate, br
Accept-Language: es-ES,es;q=0.9
Sec-WebSocket-Key: Hmo+qrbGV82tYPw9EmNMAA==
Sec-WebSocket-Extensions: permessage-deflate; client_max_window_bits
Sec-WebSocket-Protocol: SJMP, %7B'clt-time'%3A%20'1651719133268'%2C%20'cameraid'%3A%20'40dd0dc2-5b31-4bc1-86e7-a182bf4d0b67'%2C%20'flag'%3A%20'SYN'%2C%20'type'%3A%20'BOTH'%7D

]
[DEBUG]: Incoming [camera.WebSocketSJMPCamera.WebSocketSJMPCamera] Protocol Connection...
[DEBUG]: Camera [40dd0dc2-5b31-4bc1-86e7-a182bf4d0b67], status [ONLINE] on [172.23.0.1:59228] logged in with sessionid = [c2a5c0296d09db32090713de30df1101] protocol [<class 'protocols.WebSocketSJMPProtocol.WebSocketSJMPProtocol'>] type [BOTH] 
[DEBUG]: [bd75260b3e63]-[0.0.0.0:4055] BaseRequestHandler.setup().
[DEBUG]: [bd75260b3e63]-[0.0.0.0:4055] > Received one request from 40dd0dc2-5b31-4bc1-86e7-a182bf4d0b67
[STATS]: Messages Processed: nmessages=[1];duration=[0:00:00.000850]
[DEBUG]: WebSocketMessage.getHeaders(): Incomming WS Message type [text].
[DEBUG]: WebSocketMessage.parseMessage(): WS Payload received LEN = [113]
[DEBUG]: {'id': 1, 'matricula': '1605-LDJ', 'numAparcamientos': 0, 'ultimoAparcamiento': None, 'idTipoVehiculo': 3, 'idUsuario': 1, 'created_at': datetime.datetime(2022, 5, 5, 2, 51, 44), 'updated_at': datetime.datetime(2022, 5, 5, 2, 51, 44)}
[DEBUG]: {'id': 1, 'matricula': '1605-LDJ', 'numAparcamientos': 0, 'ultimoAparcamiento': None, 'idTipoVehiculo': 3, 'idUsuario': 1, 'created_at': datetime.datetime(2022, 5, 5, 2, 51, 44), 'updated_at': datetime.datetime(2022, 5, 5, 2, 51, 44)}
[CRITICAL]:[1582 (42000): Incorrect parameter count in the call to native function 'ISNULL']. DBManager.operationQuery(UPDATE Vehiculo SET numAparcamientos=ISNULL(numAparcamientos,0) + 1, ultimoAparcamiento='2022-05-05 02:52:18.113342' WHERE id=1)
[STATS]: [1] elements inserted in [0:00:00.004744] DBManager.operationQuery()
[STATS]: Messages Processed: nmessages=[1];duration=[0:00:00.212176]
[DEBUG]: WebSocketMessage.getHeaders(): Incomming WS Message type [text].
[DEBUG]: WebSocketMessage.parseMessage(): WS Payload received LEN = [114]
[DEBUG]: {'id': 1, 'matricula': '1605-LDJ', 'numAparcamientos': 0, 'ultimoAparcamiento': None, 'idTipoVehiculo': 3, 'idUsuario': 1, 'created_at': datetime.datetime(2022, 5, 5, 2, 51, 44), 'updated_at': datetime.datetime(2022, 5, 5, 2, 51, 44)}
[DEBUG]: {'id': 1, 'matricula': '1605-LDJ', 'numAparcamientos': 0, 'ultimoAparcamiento': None, 'idTipoVehiculo': 3, 'idUsuario': 1, 'created_at': datetime.datetime(2022, 5, 5, 2, 51, 44), 'updated_at': datetime.datetime(2022, 5, 5, 2, 51, 44)}
[DEBUG]: {'id': 16, 'fechaEntrada': datetime.datetime(2022, 5, 5, 2, 52, 18), 'fechaSalida': None, 'valido': 1, 'incidencia': 0, 'idZona': 9, 'idVehiculo': 1, 'token': 'b627099a7efb43e359250cf9f5297acb4f4e104c1d81dcaff2d5ead7c9c56c9e7926a0317c2cfe2eb3dab95ea529171fcc432e5d0c256f402f16e2d34361b06a', 'created_at': datetime.datetime(2022, 5, 5, 2, 52, 18), 'updated_at': datetime.datetime(2022, 5, 5, 2, 52, 18)}
[DEBUG]: {'id': 9, 'letra': 'I', 'plazas': 23, 'idTipoPlaza': 1, 'idAparcamiento': 1, 'created_at': datetime.datetime(2022, 5, 5, 2, 51, 44), 'updated_at': datetime.datetime(2022, 5, 5, 2, 51, 44)}
[STATS]: [1] elements update in [0:00:00.006082] DBManager.operationQuery()
[STATS]: Messages Processed: nmessages=[1];duration=[0:00:00.132895]
[DEBUG]: WebSocketMessage.getHeaders(): Incomming WS Message type [close].
[DEBUG]: WebSocketMessage.parseMessage(): WS Payload received LEN = [0]
[INFO]: Connection with [40dd0dc2-5b31-4bc1-86e7-a182bf4d0b67] is Closed
[WARNING]: Something went wrong! BaseCamera.addInputBuffer()
[CRITICAL]: Was not posible to process rawdata. BaseProtocol.loadRequest()
[STATS]: Messages Processed: nmessages=[1];duration=[0:00:00.041296]
