Starting Server Log Messages...
[INFO]: You are [www-data]
[INFO]: Trying to start server...
[STATS]: [1] elements inserted in [0:00:00.005612] DBManager.operationQuery()
[INFO]: Server [2f3ab69c6052] added into DB!
[INFO]: NEW SERVER CREATED!: serverid=[2f3ab69c6052], ip=[127.0.0.1], port=[4062], poll_interval=[0.5]. [Server [2f3ab69c6052] in socket [0.0.0.0:4062] status [RUNNING] in thread: [2f3ab69c6052]].
[INFO]: Server is Opened in Background
[DEBUG]: [NEW] RAW Connection Data Received: [GET / HTTP/1.1
Host: 127.0.0.1:4062
Connection: Upgrade
Pragma: no-cache
Cache-Control: no-cache
User-Agent: Mozilla/5.0 (Windows NT 10.0; Win64; x64) AppleWebKit/537.36 (KHTML, like Gecko) Chrome/101.0.4951.54 Safari/537.36
Upgrade: websocket
Origin: http://localhost:3333
Sec-WebSocket-Version: 13
Accept-Encoding: gzip, deflate, br
Accept-Language: es-ES,es;q=0.9
Sec-WebSocket-Key: qGSHOgRy23v2f1vJtQrt9A==
Sec-WebSocket-Extensions: permessage-deflate; client_max_window_bits
Sec-WebSocket-Protocol: SJMP, %7B'clt-time'%3A%20'1651688319479'%2C%20'cameraid'%3A%20'2b293781-cc97-40a1-a022-b3c6360aff52'%2C%20'flag'%3A%20'SYN'%2C%20'type'%3A%20'BOTH'%7D

]
[DEBUG]: Incoming [camera.WebSocketSJMPCamera.WebSocketSJMPCamera] Protocol Connection...
[DEBUG]: Camera [2b293781-cc97-40a1-a022-b3c6360aff52], status [ONLINE] on [172.23.0.1:47700] logged in with sessionid = [30119b5574edd9e9407a9a6baa1bb63b] protocol [<class 'protocols.WebSocketSJMPProtocol.WebSocketSJMPProtocol'>] type [BOTH] 
[DEBUG]: [2f3ab69c6052]-[0.0.0.0:4062] BaseRequestHandler.setup().
[DEBUG]: [2f3ab69c6052]-[0.0.0.0:4062] > Received one request from 2b293781-cc97-40a1-a022-b3c6360aff52
[STATS]: Messages Processed: nmessages=[1];duration=[0:00:00.000611]
[DEBUG]: WebSocketMessage.getHeaders(): Incomming WS Message type [text].
[DEBUG]: WebSocketMessage.parseMessage(): WS Payload received LEN = [113]
[DEBUG]: {'id': 7, 'matricula': 'LHG-5212', 'numAparcamientos': 0, 'ultimoAparcamiento': None, 'idTipoVehiculo': 3, 'idUsuario': 1, 'created_at': datetime.datetime(2022, 5, 4, 18, 1, 56), 'updated_at': datetime.datetime(2022, 5, 4, 18, 1, 56)}
[CRITICAL]:[1054 (42S22): Unknown column 'idVehiculo' in 'where clause']. DBManager.operationQuery(UPDATE Vehiculo SET numAparcamientos=numAparcamientos + 1,ultimoAparcamiento=now() WHERE idVehiculo='7')
[STATS]: [1] elements inserted in [0:00:00.005525] DBManager.operationQuery()
[STATS]: Messages Processed: nmessages=[1];duration=[0:00:00.187710]
[DEBUG]: WebSocketMessage.getHeaders(): Incomming WS Message type [close].
[DEBUG]: WebSocketMessage.parseMessage(): WS Payload received LEN = [0]
[INFO]: Connection with [2b293781-cc97-40a1-a022-b3c6360aff52] is Closed
