Starting Server Log Messages...
[INFO]: You are [www-data]
[INFO]: Trying to start server...
[STATS]: [1] elements afected in [0:00:00.056332] DBManager.operationQuery()
[STATS]: [1] elements afected in [0:00:00.032502] DBManager.operationQuery()
[INFO]: Server [0a81ead6f812] added into DB!
[INFO]: NEW SERVER CREATED!: serverid=[0a81ead6f812], ip=[127.0.0.1], port=[4098], poll_interval=[0.5]. [Server [0a81ead6f812] in socket [0.0.0.0:4098] status [RUNNING] in thread: [0a81ead6f812]].
[INFO]: Server is Opened in Background
[STATS]: Messages Processed: nmessages=[1];duration=[0:00:00.003318]
[INFO]: SJMPHandler.processINFlag(matricula=[4561-TYU]) Deleting old ticket from vehicle with plate [4561-TYU], ticketToken=[09c79aab7915dc51ad64797fde74973ac5f32410cc2f0ba3768e548892e4f6a83809cf9842138d1e7574bf14f94cc2f1c10e2f21ed3ce33396f4603ff5b6235a] oldPlaza=[F12] 
[STATS]: [1] elements afected in [0:00:00.009114] DBManager.operationQuery()
[STATS]: [1] elements afected in [0:00:00.010579] DBManager.operationQuery()
[STATS]: [1] elements afected in [0:00:00.008519] DBManager.operationQuery()
[STATS]: Messages Processed: nmessages=[1];duration=[0:00:01.277478]
[ERROR]: SJMPHandler.processINFlag(matricula=[4561-TYU]) The vehicle with plate [4561-TYU] is already parked in [E4] 
[STATS]: Messages Processed: nmessages=[1];duration=[0:00:00.527139]
[INFO]: Connection with [953ad5e2-6a67-4a0a-8f10-c3ea7a25e87c] is Closed
[WARNING]: Something went wrong! BaseCamera.addInputBuffer()
[CRITICAL]: Was not posible to process rawdata. BaseProtocol.loadRequest()
[STATS]: Messages Processed: nmessages=[1];duration=[0:00:00.111397]
[STATS]: Messages Processed: nmessages=[1];duration=[0:00:00.005415]
[INFO]: Connection with [953ad5e2-6a67-4a0a-8f10-c3ea7a25e87c] is Closed
[WARNING]: Something went wrong! BaseCamera.addInputBuffer()
[CRITICAL]: Was not posible to process rawdata. BaseProtocol.loadRequest()
[STATS]: Messages Processed: nmessages=[1];duration=[0:00:00.022098]
