Starting Server Log Messages...
[INFO]: You are [www-data]
[INFO]: Trying to start server...
[STATS]: [1] elements inserted in [0:00:00.010956] DBManager.operationQuery()
[INFO]: Server [13cbf7301b7e] added into DB!
[INFO]: NEW SERVER CREATED!: serverid=[13cbf7301b7e], ip=[127.0.0.1], port=[4062], poll_interval=[0.5]. [Server [13cbf7301b7e] in socket [0.0.0.0:4062] status [RUNNING] in thread: [13cbf7301b7e]].
[INFO]: Server is Opened in Background
[DEBUG]: [NEW] RAW Connection Data Received: [GET / HTTP/1.1
Host: 127.0.0.1:4062
Connection: Upgrade
Pragma: no-cache
Cache-Control: no-cache
User-Agent: Mozilla/5.0 (Windows NT 10.0; Win64; x64) AppleWebKit/537.36 (KHTML, like Gecko) Chrome/101.0.4951.54 Safari/537.36
Upgrade: websocket
Origin: http://localhost:3333
Sec-WebSocket-Version: 13
Accept-Encoding: gzip, deflate, br
Accept-Language: es-ES,es;q=0.9
Sec-WebSocket-Key: WqELfwFg2QyU1nRTp71MIA==
Sec-WebSocket-Extensions: permessage-deflate; client_max_window_bits
Sec-WebSocket-Protocol: SJMP, %7B'clt-time'%3A%20'1651718272566'%2C%20'cameraid'%3A%20'd6fc76f1-25bc-4cca-80f8-d07225355116'%2C%20'flag'%3A%20'SYN'%2C%20'type'%3A%20'BOTH'%7D

]
[DEBUG]: Incoming [camera.WebSocketSJMPCamera.WebSocketSJMPCamera] Protocol Connection...
[DEBUG]: Camera [d6fc76f1-25bc-4cca-80f8-d07225355116], status [ONLINE] on [172.23.0.1:57378] logged in with sessionid = [7231f1baf4c507a156c80ffe36202cb1] protocol [<class 'protocols.WebSocketSJMPProtocol.WebSocketSJMPProtocol'>] type [BOTH] 
[DEBUG]: [13cbf7301b7e]-[0.0.0.0:4062] BaseRequestHandler.setup().
[DEBUG]: [13cbf7301b7e]-[0.0.0.0:4062] > Received one request from d6fc76f1-25bc-4cca-80f8-d07225355116
[STATS]: Messages Processed: nmessages=[1];duration=[0:00:00.001010]
[DEBUG]: WebSocketMessage.getHeaders(): Incomming WS Message type [text].
[DEBUG]: WebSocketMessage.parseMessage(): WS Payload received LEN = [113]
[DEBUG]: {'id': 1, 'matricula': '1605-LDJ', 'numAparcamientos': 0, 'ultimoAparcamiento': None, 'idTipoVehiculo': 3, 'idUsuario': 1, 'created_at': datetime.datetime(2022, 5, 5, 1, 30, 35), 'updated_at': datetime.datetime(2022, 5, 5, 1, 30, 35)}
[DEBUG]: {'id': 1, 'matricula': '1605-LDJ', 'numAparcamientos': 0, 'ultimoAparcamiento': None, 'idTipoVehiculo': 3, 'idUsuario': 1, 'created_at': datetime.datetime(2022, 5, 5, 1, 30, 35), 'updated_at': datetime.datetime(2022, 5, 5, 1, 30, 35)}
[CRITICAL]:[1264 (22003): Out of range value for column 'ultimoAparcamiento' at row 1]. DBManager.operationQuery(UPDATE Vehiculo SET numAparcamientos=numAparcamientos + 1,ultimoAparcamiento=now() WHERE id=1)
[CRITICAL]:[1205 (HY000): Lock wait timeout exceeded; try restarting transaction]. DBManager.operationQuery(INSERT INTO Plaza (`id`, `fechaEntrada`, `valido`, `incidencia`, `idZona`, `idVehiculo`, `token`, `created_at`, `updated_at`) VALUES (19, '2022-05-05 02:37:58.071654', 1, 0, 9, 1, '2691750ce68185b280e5593dd96c4baba9c744b89bd47a9760fbbee45768c2195739af48b56eb60cc0a753fa6e2ca68ebdda98a3b291bbd63e6e421550b8c07b', '2022-05-05 02:37:58.071654', '2022-05-05 02:37:58.071654'))
[ERROR]: SJMPHandler.processINFlag(matricula=[1605-LDJ]) Was not posible to generate ticket for vehicle [1605-LDJ]!
[STATS]: Messages Processed: nmessages=[1];duration=[0:00:50.277144]
[DEBUG]: WebSocketMessage.getHeaders(): Incomming WS Message type [text].
[DEBUG]: WebSocketMessage.parseMessage(): WS Payload received LEN = [113]
[DEBUG]: {'id': 1, 'matricula': '1605-LDJ', 'numAparcamientos': 0, 'ultimoAparcamiento': None, 'idTipoVehiculo': 3, 'idUsuario': 1, 'created_at': datetime.datetime(2022, 5, 5, 1, 30, 35), 'updated_at': datetime.datetime(2022, 5, 5, 1, 30, 35)}
[DEBUG]: {'id': 1, 'matricula': '1605-LDJ', 'numAparcamientos': 0, 'ultimoAparcamiento': None, 'idTipoVehiculo': 3, 'idUsuario': 1, 'created_at': datetime.datetime(2022, 5, 5, 1, 30, 35), 'updated_at': datetime.datetime(2022, 5, 5, 1, 30, 35)}
[CRITICAL]:[1264 (22003): Out of range value for column 'ultimoAparcamiento' at row 1]. DBManager.operationQuery(UPDATE Vehiculo SET numAparcamientos=numAparcamientos + 1,ultimoAparcamiento=now() WHERE id=1)
[CRITICAL]:[1205 (HY000): Lock wait timeout exceeded; try restarting transaction]. DBManager.operationQuery(INSERT INTO Plaza (`id`, `fechaEntrada`, `valido`, `incidencia`, `idZona`, `idVehiculo`, `token`, `created_at`, `updated_at`) VALUES (5, '2022-05-05 02:38:48.316051', 1, 0, 3, 1, '0728df90eef0511860cf047877893d7fc2b0d823658353d7882691475f98cb7c4c004a3f0f17091d455d608a4fc8de308c502f10008426ec2273d0cb9ccd98f4', '2022-05-05 02:38:48.316051', '2022-05-05 02:38:48.316051'))
[ERROR]: SJMPHandler.processINFlag(matricula=[1605-LDJ]) Was not posible to generate ticket for vehicle [1605-LDJ]!
[DEBUG]: WebSocketMessage.getHeaders(): Incomming WS Message type [text].
[DEBUG]: WebSocketMessage.parseMessage(): WS Payload received LEN = [113]
[DEBUG]: {'id': 1, 'matricula': '1605-LDJ', 'numAparcamientos': 0, 'ultimoAparcamiento': None, 'idTipoVehiculo': 3, 'idUsuario': 1, 'created_at': datetime.datetime(2022, 5, 5, 1, 30, 35), 'updated_at': datetime.datetime(2022, 5, 5, 1, 30, 35)}
[DEBUG]: {'id': 1, 'matricula': '1605-LDJ', 'numAparcamientos': 0, 'ultimoAparcamiento': None, 'idTipoVehiculo': 3, 'idUsuario': 1, 'created_at': datetime.datetime(2022, 5, 5, 1, 30, 35), 'updated_at': datetime.datetime(2022, 5, 5, 1, 30, 35)}
[CRITICAL]:[1264 (22003): Out of range value for column 'ultimoAparcamiento' at row 1]. DBManager.operationQuery(UPDATE Vehiculo SET numAparcamientos=numAparcamientos + 1,ultimoAparcamiento=now() WHERE id=1)
[CRITICAL]:[1205 (HY000): Lock wait timeout exceeded; try restarting transaction]. DBManager.operationQuery(INSERT INTO Plaza (`id`, `fechaEntrada`, `valido`, `incidencia`, `idZona`, `idVehiculo`, `token`, `created_at`, `updated_at`) VALUES (3, '2022-05-05 02:39:38.525745', 1, 0, 4, 1, '625a2f32ac78e76b2bfc749a3f036c185c8c293acec414ccb72663475b383276ef719de3505a5b9fa3dc04d5fd38aa5d5703e08b6faf3ddcae94db650982f16c', '2022-05-05 02:39:38.525745', '2022-05-05 02:39:38.525745'))
[ERROR]: SJMPHandler.processINFlag(matricula=[1605-LDJ]) Was not posible to generate ticket for vehicle [1605-LDJ]!
[STATS]: Messages Processed: nmessages=[2];duration=[0:01:40.434423]
[DEBUG]: WebSocketMessage.getHeaders(): Incomming WS Message type [text].
[DEBUG]: WebSocketMessage.parseMessage(): WS Payload received LEN = [113]
[DEBUG]: {'id': 1, 'matricula': '1605-LDJ', 'numAparcamientos': 0, 'ultimoAparcamiento': None, 'idTipoVehiculo': 3, 'idUsuario': 1, 'created_at': datetime.datetime(2022, 5, 5, 1, 30, 35), 'updated_at': datetime.datetime(2022, 5, 5, 1, 30, 35)}
[DEBUG]: {'id': 1, 'matricula': '1605-LDJ', 'numAparcamientos': 0, 'ultimoAparcamiento': None, 'idTipoVehiculo': 3, 'idUsuario': 1, 'created_at': datetime.datetime(2022, 5, 5, 1, 30, 35), 'updated_at': datetime.datetime(2022, 5, 5, 1, 30, 35)}
[CRITICAL]:[1264 (22003): Out of range value for column 'ultimoAparcamiento' at row 1]. DBManager.operationQuery(UPDATE Vehiculo SET numAparcamientos=numAparcamientos + 1,ultimoAparcamiento=now() WHERE id=1)
[CRITICAL]:[1205 (HY000): Lock wait timeout exceeded; try restarting transaction]. DBManager.operationQuery(INSERT INTO Plaza (`id`, `fechaEntrada`, `valido`, `incidencia`, `idZona`, `idVehiculo`, `token`, `created_at`, `updated_at`) VALUES (11, '2022-05-05 02:40:28.714379', 1, 0, 3, 1, 'daf9b778ad7c74b72da1cb8e45d99e81118e118049e447052014921837607d6ce58dfa042fd31bcbd648289cf3171ac276053964e0bc65989d8da2e9c3464aeb', '2022-05-05 02:40:28.714379', '2022-05-05 02:40:28.714379'))
[ERROR]: SJMPHandler.processINFlag(matricula=[1605-LDJ]) Was not posible to generate ticket for vehicle [1605-LDJ]!
[STATS]: Messages Processed: nmessages=[1];duration=[0:00:50.185650]
[DEBUG]: WebSocketMessage.getHeaders(): Incomming WS Message type [close].
[DEBUG]: WebSocketMessage.parseMessage(): WS Payload received LEN = [0]
[INFO]: Connection with [d6fc76f1-25bc-4cca-80f8-d07225355116] is Closed
[WARNING]: Something went wrong! BaseCamera.addInputBuffer()
[CRITICAL]: Was not posible to process rawdata. BaseProtocol.loadRequest()
[STATS]: Messages Processed: nmessages=[1];duration=[0:00:00.030068]
