Starting Server Log Messages...
[INFO]: You are [www-data]
[INFO]: Trying to start server...
[STATS]: [1] elements inserted in [0:00:00.010650] DBManager.operationQuery()
[INFO]: Server [1731025da6f5] added into DB!
[INFO]: NEW SERVER CREATED!: serverid=[1731025da6f5], ip=[127.0.0.1], port=[4074], poll_interval=[0.5]. [Server [1731025da6f5] in socket [0.0.0.0:4074] status [RUNNING] in thread: [1731025da6f5]].
[INFO]: Server is Opened in Background
[DEBUG]: [NEW] RAW Connection Data Received: [GET / HTTP/1.1
Host: 127.0.0.1:4074
Connection: Upgrade
Pragma: no-cache
Cache-Control: no-cache
User-Agent: Mozilla/5.0 (Windows NT 10.0; Win64; x64) AppleWebKit/537.36 (KHTML, like Gecko) Chrome/101.0.4951.54 Safari/537.36
Upgrade: websocket
Origin: http://localhost:3333
Sec-WebSocket-Version: 13
Accept-Encoding: gzip, deflate, br
Accept-Language: es-ES,es;q=0.9
Sec-WebSocket-Key: Tg/kjsdj6uGmKw22fEqkFA==
Sec-WebSocket-Extensions: permessage-deflate; client_max_window_bits
Sec-WebSocket-Protocol: SJMP, %7B'clt-time'%3A%20'1651718540233'%2C%20'cameraid'%3A%20'5f857d0f-702e-4022-b0cb-d244a3ac4d7a'%2C%20'flag'%3A%20'SYN'%2C%20'type'%3A%20'BOTH'%7D

]
[DEBUG]: Incoming [camera.WebSocketSJMPCamera.WebSocketSJMPCamera] Protocol Connection...
[DEBUG]: Camera [5f857d0f-702e-4022-b0cb-d244a3ac4d7a], status [ONLINE] on [172.23.0.1:51486] logged in with sessionid = [9546838b870fd9068f03a70a08d6d0d9] protocol [<class 'protocols.WebSocketSJMPProtocol.WebSocketSJMPProtocol'>] type [BOTH] 
[DEBUG]: [1731025da6f5]-[0.0.0.0:4074] BaseRequestHandler.setup().
[DEBUG]: [1731025da6f5]-[0.0.0.0:4074] > Received one request from 5f857d0f-702e-4022-b0cb-d244a3ac4d7a
[STATS]: Messages Processed: nmessages=[1];duration=[0:00:00.000345]
[DEBUG]: WebSocketMessage.getHeaders(): Incomming WS Message type [text].
[DEBUG]: WebSocketMessage.parseMessage(): WS Payload received LEN = [113]
[DEBUG]: {'id': 1, 'matricula': '1605-LDJ', 'numAparcamientos': 0, 'ultimoAparcamiento': None, 'idTipoVehiculo': 3, 'idUsuario': 1, 'created_at': datetime.datetime(2022, 5, 5, 1, 30, 35), 'updated_at': datetime.datetime(2022, 5, 5, 1, 30, 35)}
[DEBUG]: {'id': 1, 'matricula': '1605-LDJ', 'numAparcamientos': 0, 'ultimoAparcamiento': None, 'idTipoVehiculo': 3, 'idUsuario': 1, 'created_at': datetime.datetime(2022, 5, 5, 1, 30, 35), 'updated_at': datetime.datetime(2022, 5, 5, 1, 30, 35)}
[CRITICAL]:[1064 (42000): You have an error in your SQL syntax; check the manual that corresponds to your MySQL server version for the right syntax to use near '02:42:33.325782 WHERE id=1' at line 1]. DBManager.operationQuery(UPDATE Vehiculo SET numAparcamientos=numAparcamientos + 1, ultimoAparcamiento=2022-05-05 02:42:33.325782 WHERE id=1)
[STATS]: [1] elements inserted in [0:00:00.023838] DBManager.operationQuery()
[STATS]: Messages Processed: nmessages=[1];duration=[0:00:00.237997]
[DEBUG]: WebSocketMessage.getHeaders(): Incomming WS Message type [text].
[DEBUG]: WebSocketMessage.parseMessage(): WS Payload received LEN = [114]
[DEBUG]: {'id': 1, 'matricula': '1605-LDJ', 'numAparcamientos': 0, 'ultimoAparcamiento': None, 'idTipoVehiculo': 3, 'idUsuario': 1, 'created_at': datetime.datetime(2022, 5, 5, 1, 30, 35), 'updated_at': datetime.datetime(2022, 5, 5, 1, 30, 35)}
[DEBUG]: {'id': 1, 'matricula': '1605-LDJ', 'numAparcamientos': 0, 'ultimoAparcamiento': None, 'idTipoVehiculo': 3, 'idUsuario': 1, 'created_at': datetime.datetime(2022, 5, 5, 1, 30, 35), 'updated_at': datetime.datetime(2022, 5, 5, 1, 30, 35)}
[DEBUG]: {'id': 18, 'fechaEntrada': datetime.datetime(2022, 5, 5, 2, 42, 33), 'fechaSalida': None, 'valido': 1, 'incidencia': 0, 'idZona': 2, 'idVehiculo': 1, 'token': '33ff6bbd777d18e142b31b83c0b93a766109285721f4909b27ac1f78a50314d32f317e8b351273354fa92feeb9ec42c1e6a87ed8fb04cf17a87b3a152a73e2be', 'created_at': datetime.datetime(2022, 5, 5, 2, 42, 33), 'updated_at': datetime.datetime(2022, 5, 5, 2, 42, 33)}
[DEBUG]: {'id': 2, 'letra': 'B', 'plazas': 25, 'idTipoPlaza': 1, 'idAparcamiento': 1, 'created_at': datetime.datetime(2022, 5, 5, 1, 30, 35), 'updated_at': datetime.datetime(2022, 5, 5, 1, 30, 35)}
[STATS]: [1] elements update in [0:00:00.018636] DBManager.operationQuery()
[STATS]: Messages Processed: nmessages=[1];duration=[0:00:00.244829]
[DEBUG]: WebSocketMessage.getHeaders(): Incomming WS Message type [close].
[DEBUG]: WebSocketMessage.parseMessage(): WS Payload received LEN = [0]
[INFO]: Connection with [5f857d0f-702e-4022-b0cb-d244a3ac4d7a] is Closed
[WARNING]: Something went wrong! BaseCamera.addInputBuffer()
[CRITICAL]: Was not posible to process rawdata. BaseProtocol.loadRequest()
[STATS]: Messages Processed: nmessages=[1];duration=[0:00:00.040437]
