Starting Server Log Messages...
[INFO]: You are [www-data]
[INFO]: Trying to start server...
[STATS]: [1] elements inserted in [0:00:00.010259] DBManager.insertQuery()
[INFO]: Server [72833c5cba65] added into DB!
[INFO]: NEW SERVER CREATED!: serverid=[72833c5cba65], ip=[0.0.0.0], port=[3955], poll_interval=[0.5]. [Server [72833c5cba65] in socket [0.0.0.0:3955] status [RUNNING] in thread: [72833c5cba65]].
[INFO]: Server is Opened in Background
[DEBUG]: [NEW] RAW Connection Data Received: [GET / HTTP/1.1
Host: 127.0.0.1:3955
Connection: Upgrade
Pragma: no-cache
Cache-Control: no-cache
User-Agent: Mozilla/5.0 (Windows NT 10.0; Win64; x64) AppleWebKit/537.36 (KHTML, like Gecko) Chrome/101.0.4951.41 Safari/537.36
Upgrade: websocket
Origin: http://localhost:3333
Sec-WebSocket-Version: 13
Accept-Encoding: gzip, deflate, br
Accept-Language: es-ES,es;q=0.9
Sec-WebSocket-Key: SpG8Mufxfy9qKR64dzHaKQ==
Sec-WebSocket-Extensions: permessage-deflate; client_max_window_bits
Sec-WebSocket-Protocol: SJMP, %7B'clt-time'%3A%20'1651550227338'%2C%20'cameraid'%3A%20'b3185d38-ccf2-47a4-a9ef-9e64d37518db'%2C%20'flag'%3A%20'SYN'%2C%20'type'%3A%20'BOTH'%7D

]
[DEBUG]: Incoming [camera.WebSocketSJMPCamera.WebSocketSJMPCamera] Protocol Connection...
[DEBUG]: Camera [b3185d38-ccf2-47a4-a9ef-9e64d37518db], status [ONLINE] on [172.23.0.1:49672] logged in with sessionid = [2d1a9ce6994b0fca1e9f8b859eadc2ca] protocol [<class 'protocols.WebSocketSJMPProtocol.WebSocketSJMPProtocol'>] type [BOTH] 
[DEBUG]: [72833c5cba65]-[0.0.0.0:3955] BaseRequestHandler.setup().
[DEBUG]: [72833c5cba65]-[0.0.0.0:3955] > Received one request from b3185d38-ccf2-47a4-a9ef-9e64d37518db
[STATS]: Messages Processed: nmessages=[1];duration=[0:00:00.000902]
[DEBUG]: WebSocketMessage.getHeaders(): Incomming WS Message type [text].
[DEBUG]: WebSocketMessage.parseMessage(): WS Payload received LEN = [113]
[CRITICAL]:[1054 (42S22): Unknown column 'idVehiculo' in 'where clause']. DBManager.updateQuery(UPDATE Vehiculo SET numAparcamientos=numAparcamientos + 1,ultimoAparcamiento=now() WHERE idVehiculo='7')
[STATS]: [1] elements inserted in [0:00:00.010246] DBManager.insertQuery()
[STATS]: Messages Processed: nmessages=[1];duration=[0:00:00.298965]
[DEBUG]: WebSocketMessage.getHeaders(): Incomming WS Message type [text].
[DEBUG]: WebSocketMessage.parseMessage(): WS Payload received LEN = [113]
[CRITICAL]:[1054 (42S22): Unknown column 'idVehiculo' in 'where clause']. DBManager.updateQuery(UPDATE Vehiculo SET numAparcamientos=numAparcamientos + 1,ultimoAparcamiento=now() WHERE idVehiculo='8')
[STATS]: [1] elements inserted in [0:00:00.007468] DBManager.insertQuery()
[STATS]: Messages Processed: nmessages=[1];duration=[0:00:00.230121]
[DEBUG]: WebSocketMessage.getHeaders(): Incomming WS Message type [close].
[DEBUG]: WebSocketMessage.parseMessage(): WS Payload received LEN = [2]
[INFO]: Connection with [b3185d38-ccf2-47a4-a9ef-9e64d37518db] is Closed
[WARNING]: Something went wrong! BaseCamera.addInputBuffer()
[CRITICAL]: Was not posible to process rawdata. BaseProtocol.loadRequest()
[STATS]: Messages Processed: nmessages=[1];duration=[0:00:00.022489]
[DEBUG]: [NEW] RAW Connection Data Received: [GET / HTTP/1.1
Host: 127.0.0.1:3955
Connection: Upgrade
Pragma: no-cache
Cache-Control: no-cache
User-Agent: Mozilla/5.0 (Windows NT 10.0; Win64; x64) AppleWebKit/537.36 (KHTML, like Gecko) Chrome/101.0.4951.41 Safari/537.36
Upgrade: websocket
Origin: http://localhost:3333
Sec-WebSocket-Version: 13
Accept-Encoding: gzip, deflate, br
Accept-Language: es-ES,es;q=0.9
Sec-WebSocket-Key: zV9/nftoF9QN3qmgXeIpTA==
Sec-WebSocket-Extensions: permessage-deflate; client_max_window_bits
Sec-WebSocket-Protocol: SJMP, %7B'clt-time'%3A%20'1651550458334'%2C%20'cameraid'%3A%20'b3185d38-ccf2-47a4-a9ef-9e64d37518db'%2C%20'flag'%3A%20'SYN'%2C%20'type'%3A%20'BOTH'%7D

]
[DEBUG]: Incoming [camera.WebSocketSJMPCamera.WebSocketSJMPCamera] Protocol Connection...
[DEBUG]: Camera [b3185d38-ccf2-47a4-a9ef-9e64d37518db], status [ONLINE] on [172.23.0.1:49838] logged in with sessionid = [fa3bdb8ed53d187cf8d38c62dc12aef8] protocol [<class 'protocols.WebSocketSJMPProtocol.WebSocketSJMPProtocol'>] type [BOTH] 
[DEBUG]: [72833c5cba65]-[0.0.0.0:3955] BaseRequestHandler.setup().
[DEBUG]: [72833c5cba65]-[0.0.0.0:3955] > Received one request from b3185d38-ccf2-47a4-a9ef-9e64d37518db
[STATS]: Messages Processed: nmessages=[1];duration=[0:00:00.000321]
[DEBUG]: WebSocketMessage.getHeaders(): Incomming WS Message type [text].
[DEBUG]: WebSocketMessage.parseMessage(): WS Payload received LEN = [113]
[CRITICAL]:[1054 (42S22): Unknown column 'idVehiculo' in 'where clause']. DBManager.updateQuery(UPDATE Vehiculo SET numAparcamientos=numAparcamientos + 1,ultimoAparcamiento=now() WHERE idVehiculo='9')
[STATS]: [1] elements inserted in [0:00:00.007046] DBManager.insertQuery()
[STATS]: Messages Processed: nmessages=[1];duration=[0:00:00.345769]
[DEBUG]: WebSocketMessage.getHeaders(): Incomming WS Message type [close].
[DEBUG]: WebSocketMessage.parseMessage(): WS Payload received LEN = [2]
[INFO]: Connection with [b3185d38-ccf2-47a4-a9ef-9e64d37518db] is Closed
[WARNING]: Something went wrong! BaseCamera.addInputBuffer()
[CRITICAL]: Was not posible to process rawdata. BaseProtocol.loadRequest()
[STATS]: Messages Processed: nmessages=[1];duration=[0:00:00.026589]
