Starting Server Log Messages...
[INFO]: You are [www-data]
[INFO]: Trying to start server...
[STATS]: [1] elements inserted in [0:00:00.005746] DBManager.operationQuery()
[INFO]: Server [be0135b8857f] added into DB!
[INFO]: NEW SERVER CREATED!: serverid=[be0135b8857f], ip=[127.0.0.1], port=[4097], poll_interval=[0.5]. [Server [be0135b8857f] in socket [0.0.0.0:4097] status [RUNNING] in thread: [be0135b8857f]].
[INFO]: Server is Opened in Background
[DEBUG]: [NEW] RAW Connection Data Received: [GET / HTTP/1.1
Host: 127.0.0.1:4097
Connection: Upgrade
Pragma: no-cache
Cache-Control: no-cache
User-Agent: Mozilla/5.0 (Windows NT 10.0; Win64; x64) AppleWebKit/537.36 (KHTML, like Gecko) Chrome/101.0.4951.54 Safari/537.36
Upgrade: websocket
Origin: http://localhost:3333
Sec-WebSocket-Version: 13
Accept-Encoding: gzip, deflate, br
Accept-Language: es-ES,es;q=0.9
Sec-WebSocket-Key: TelwbJOAD474WMuFsN+0WA==
Sec-WebSocket-Extensions: permessage-deflate; client_max_window_bits
Sec-WebSocket-Protocol: SJMP, %7B'clt-time'%3A%20'1651719871631'%2C%20'cameraid'%3A%20'9d16c3ae-fca0-43cc-bc1c-51bf530f1752'%2C%20'flag'%3A%20'SYN'%2C%20'type'%3A%20'BOTH'%7D

]
[DEBUG]: Incoming [camera.WebSocketSJMPCamera.WebSocketSJMPCamera] Protocol Connection...
[DEBUG]: Camera [9d16c3ae-fca0-43cc-bc1c-51bf530f1752], status [ONLINE] on [172.23.0.1:34298] logged in with sessionid = [d117107dd18c8c0bc865226e55d37cb3] protocol [<class 'protocols.WebSocketSJMPProtocol.WebSocketSJMPProtocol'>] type [BOTH] 
[DEBUG]: [be0135b8857f]-[0.0.0.0:4097] BaseRequestHandler.setup().
[DEBUG]: [be0135b8857f]-[0.0.0.0:4097] > Received one request from 9d16c3ae-fca0-43cc-bc1c-51bf530f1752
[STATS]: Messages Processed: nmessages=[1];duration=[0:00:00.000436]
[DEBUG]: WebSocketMessage.getHeaders(): Incomming WS Message type [text].
[DEBUG]: WebSocketMessage.parseMessage(): WS Payload received LEN = [112]
[DEBUG]: {'id': 7, 'matricula': '452-T66', 'numAparcamientos': 0, 'ultimoAparcamiento': None, 'idTipoVehiculo': 5, 'idUsuario': 1, 'created_at': datetime.datetime(2022, 5, 5, 3, 4, 12), 'updated_at': datetime.datetime(2022, 5, 5, 3, 4, 12)}
[DEBUG]: {'id': 7, 'matricula': '452-T66', 'numAparcamientos': 0, 'ultimoAparcamiento': None, 'idTipoVehiculo': 5, 'idUsuario': 1, 'created_at': datetime.datetime(2022, 5, 5, 3, 4, 12), 'updated_at': datetime.datetime(2022, 5, 5, 3, 4, 12)}
[STATS]: [1] elements update in [0:00:00.004838] DBManager.operationQuery()
[STATS]: [1] elements inserted in [0:00:00.004153] DBManager.operationQuery()
[STATS]: Messages Processed: nmessages=[1];duration=[0:00:00.221947]
[DEBUG]: WebSocketMessage.getHeaders(): Incomming WS Message type [text].
[DEBUG]: WebSocketMessage.parseMessage(): WS Payload received LEN = [114]
[DEBUG]: {'id': 3, 'matricula': '3201-PGL', 'numAparcamientos': 1, 'ultimoAparcamiento': datetime.datetime(2022, 5, 5, 3, 2, 33), 'idTipoVehiculo': 5, 'idUsuario': 1, 'created_at': datetime.datetime(2022, 5, 5, 3, 2, 33), 'updated_at': datetime.datetime(2022, 5, 5, 3, 2, 33)}
[DEBUG]: {'id': 3, 'matricula': '3201-PGL', 'numAparcamientos': 1, 'ultimoAparcamiento': datetime.datetime(2022, 5, 5, 3, 2, 33), 'idTipoVehiculo': 5, 'idUsuario': 1, 'created_at': datetime.datetime(2022, 5, 5, 3, 2, 33), 'updated_at': datetime.datetime(2022, 5, 5, 3, 2, 33)}
[DEBUG]: {'id': 1, 'fechaEntrada': datetime.datetime(2022, 5, 5, 3, 2, 33), 'fechaSalida': None, 'valido': 1, 'incidencia': 1, 'idZona': 1, 'idVehiculo': 3, 'token': '4f58d8a79d1e7e16edf22039e31c0258e082bf1da7ac5253afc3f715c978e9a84fe8d66c1d41d4550b8395895b927e0ca9838dd3317d34cb59f2d720a550c5c8', 'created_at': datetime.datetime(2022, 5, 5, 3, 2, 33), 'updated_at': datetime.datetime(2022, 5, 5, 3, 2, 33)}
[DEBUG]: {'id': 1, 'letra': 'A', 'plazas': 24, 'idTipoPlaza': 1, 'idAparcamiento': 1, 'created_at': datetime.datetime(2022, 5, 5, 3, 2, 33), 'updated_at': datetime.datetime(2022, 5, 5, 3, 2, 33)}
[STATS]: [1] elements update in [0:00:00.006603] DBManager.operationQuery()
[STATS]: Messages Processed: nmessages=[1];duration=[0:00:00.134469]
[DEBUG]: WebSocketMessage.getHeaders(): Incomming WS Message type [text].
[DEBUG]: WebSocketMessage.parseMessage(): WS Payload received LEN = [113]
[DEBUG]: {'id': 3, 'matricula': '3201-PGL', 'numAparcamientos': 1, 'ultimoAparcamiento': datetime.datetime(2022, 5, 5, 3, 2, 33), 'idTipoVehiculo': 5, 'idUsuario': 1, 'created_at': datetime.datetime(2022, 5, 5, 3, 2, 33), 'updated_at': datetime.datetime(2022, 5, 5, 3, 2, 33)}
[DEBUG]: {'id': 3, 'matricula': '3201-PGL', 'numAparcamientos': 1, 'ultimoAparcamiento': datetime.datetime(2022, 5, 5, 3, 2, 33), 'idTipoVehiculo': 5, 'idUsuario': 1, 'created_at': datetime.datetime(2022, 5, 5, 3, 2, 33), 'updated_at': datetime.datetime(2022, 5, 5, 3, 2, 33)}
[DEBUG]: {'id': 1, 'fechaEntrada': datetime.datetime(2022, 5, 5, 3, 2, 33), 'fechaSalida': datetime.datetime(2022, 5, 5, 3, 6, 47), 'valido': 0, 'incidencia': 1, 'idZona': 1, 'idVehiculo': 3, 'token': '4f58d8a79d1e7e16edf22039e31c0258e082bf1da7ac5253afc3f715c978e9a84fe8d66c1d41d4550b8395895b927e0ca9838dd3317d34cb59f2d720a550c5c8', 'created_at': datetime.datetime(2022, 5, 5, 3, 2, 33), 'updated_at': datetime.datetime(2022, 5, 5, 3, 6, 47)}
[DEBUG]: {'id': 1, 'letra': 'A', 'plazas': 24, 'idTipoPlaza': 1, 'idAparcamiento': 1, 'created_at': datetime.datetime(2022, 5, 5, 3, 2, 33), 'updated_at': datetime.datetime(2022, 5, 5, 3, 2, 33)}
[INFO]: SJMPHandler.processINFlag(matricula=[3201-PGL]) Deleting old ticket from vehicle with plate [3201-PGL], ticketToken=[4f58d8a79d1e7e16edf22039e31c0258e082bf1da7ac5253afc3f715c978e9a84fe8d66c1d41d4550b8395895b927e0ca9838dd3317d34cb59f2d720a550c5c8] oldPlaza=[A1] 
[STATS]: [1] elements deleted in [0:00:00.008696] DBManager.operationQuery()
[STATS]: [1] elements update in [0:00:00.005322] DBManager.operationQuery()
[STATS]: [1] elements inserted in [0:00:00.004293] DBManager.operationQuery()
[STATS]: Messages Processed: nmessages=[1];duration=[0:00:00.260555]
[DEBUG]: WebSocketMessage.getHeaders(): Incomming WS Message type [text].
[DEBUG]: WebSocketMessage.parseMessage(): WS Payload received LEN = [112]
[DEBUG]: {'id': 7, 'matricula': '452-T66', 'numAparcamientos': 1, 'ultimoAparcamiento': datetime.datetime(2022, 5, 5, 3, 4, 38), 'idTipoVehiculo': 5, 'idUsuario': 1, 'created_at': datetime.datetime(2022, 5, 5, 3, 4, 12), 'updated_at': datetime.datetime(2022, 5, 5, 3, 4, 12)}
[DEBUG]: {'id': 7, 'matricula': '452-T66', 'numAparcamientos': 1, 'ultimoAparcamiento': datetime.datetime(2022, 5, 5, 3, 4, 38), 'idTipoVehiculo': 5, 'idUsuario': 1, 'created_at': datetime.datetime(2022, 5, 5, 3, 4, 12), 'updated_at': datetime.datetime(2022, 5, 5, 3, 4, 12)}
[DEBUG]: {'id': 13, 'fechaEntrada': datetime.datetime(2022, 5, 5, 3, 4, 38), 'fechaSalida': None, 'valido': 1, 'incidencia': 0, 'idZona': 7, 'idVehiculo': 7, 'token': '02881ee9310a6e2f926be77282591ba230d07fb422306cf7a9c8601149e877a8d773afa8d341497801558d7861eff540a1ef385b717cfe7ef25b3bf72251422b', 'created_at': datetime.datetime(2022, 5, 5, 3, 4, 38), 'updated_at': datetime.datetime(2022, 5, 5, 3, 4, 38)}
[DEBUG]: {'id': 7, 'letra': 'G', 'plazas': 21, 'idTipoPlaza': 2, 'idAparcamiento': 1, 'created_at': datetime.datetime(2022, 5, 5, 3, 2, 33), 'updated_at': datetime.datetime(2022, 5, 5, 3, 2, 33)}
[ERROR]: SJMPHandler.processINFlag(matricula=[452-T66]) The vehicle with plate [452-T66] is already parked in [G13] 
[STATS]: Messages Processed: nmessages=[1];duration=[0:00:00.084931]
