Starting Server Log Messages...
[INFO]: You are [www-data]
[INFO]: Trying to start server...
[STATS]: [1] elements inserted in [0:00:00.016621] DBManager.insertQuery()
[INFO]: Server [468f34418f06] added into DB!
[INFO]: NEW SERVER CREATED!: serverid=[468f34418f06], ip=[0.0.0.0], port=[4015], poll_interval=[0.5]. [Server [468f34418f06] in socket [0.0.0.0:4015] status [RUNNING] in thread: [468f34418f06]].
[INFO]: Server is Opened in Background
[DEBUG]: [NEW] RAW Connection Data Received: [GET / HTTP/1.1
Host: 127.0.0.1:4015
Connection: Upgrade
Pragma: no-cache
Cache-Control: no-cache
User-Agent: Mozilla/5.0 (Windows NT 10.0; Win64; x64) AppleWebKit/537.36 (KHTML, like Gecko) Chrome/101.0.4951.41 Safari/537.36
Upgrade: websocket
Origin: http://localhost:3333
Sec-WebSocket-Version: 13
Accept-Encoding: gzip, deflate, br
Accept-Language: es-ES,es;q=0.9
Sec-WebSocket-Key: Mw9vILmGIxxrHmUPfdLzZQ==
Sec-WebSocket-Extensions: permessage-deflate; client_max_window_bits
Sec-WebSocket-Protocol: SJMP, %7B'clt-time'%3A%20'1651551274589'%2C%20'cameraid'%3A%20'70934bb3-6bf7-4c74-9898-3a562b0547dd'%2C%20'flag'%3A%20'SYN'%2C%20'type'%3A%20'BOTH'%7D

]
[DEBUG]: Incoming [camera.WebSocketSJMPCamera.WebSocketSJMPCamera] Protocol Connection...
[DEBUG]: Camera [70934bb3-6bf7-4c74-9898-3a562b0547dd], status [ONLINE] on [172.23.0.1:51832] logged in with sessionid = [f52d3cfece3caaecf14c5f0c1f151e03] protocol [<class 'protocols.WebSocketSJMPProtocol.WebSocketSJMPProtocol'>] type [BOTH] 
[DEBUG]: [468f34418f06]-[0.0.0.0:4015] BaseRequestHandler.setup().
[DEBUG]: [468f34418f06]-[0.0.0.0:4015] > Received one request from 70934bb3-6bf7-4c74-9898-3a562b0547dd
[STATS]: Messages Processed: nmessages=[1];duration=[0:00:00.001074]
[DEBUG]: WebSocketMessage.getHeaders(): Incomming WS Message type [close].
[DEBUG]: WebSocketMessage.parseMessage(): WS Payload received LEN = [0]
[INFO]: Connection with [70934bb3-6bf7-4c74-9898-3a562b0547dd] is Closed
[WARNING]: Something went wrong! BaseCamera.addInputBuffer()
[CRITICAL]: Was not posible to process rawdata. BaseProtocol.loadRequest()
[STATS]: Messages Processed: nmessages=[1];duration=[0:00:00.027956]
