Starting Server Log Messages...
[INFO]: You are [www-data]
[INFO]: Trying to start server...
[STATS]: [1] elements inserted in [0:00:00.006264] DBManager.operationQuery()
[INFO]: Server [7e783a18515c] added into DB!
[INFO]: NEW SERVER CREATED!: serverid=[7e783a18515c], ip=[127.0.0.1], port=[4093], poll_interval=[0.5]. [Server [7e783a18515c] in socket [0.0.0.0:4093] status [RUNNING] in thread: [7e783a18515c]].
[INFO]: Server is Opened in Background
[DEBUG]: [NEW] RAW Connection Data Received: [GET / HTTP/1.1
Host: 127.0.0.1:4093
Connection: Upgrade
Pragma: no-cache
Cache-Control: no-cache
User-Agent: Mozilla/5.0 (Windows NT 10.0; Win64; x64) AppleWebKit/537.36 (KHTML, like Gecko) Chrome/101.0.4951.54 Safari/537.36
Upgrade: websocket
Origin: http://localhost:3333
Sec-WebSocket-Version: 13
Accept-Encoding: gzip, deflate, br
Accept-Language: es-ES,es;q=0.9
Sec-WebSocket-Key: L8rnIyuraMfWr7n3mOX6xQ==
Sec-WebSocket-Extensions: permessage-deflate; client_max_window_bits
Sec-WebSocket-Protocol: SJMP, %7B'clt-time'%3A%20'1651717732448'%2C%20'cameraid'%3A%20'd4705b5f-47a9-4074-aee7-0a1a5e4be138'%2C%20'flag'%3A%20'SYN'%2C%20'type'%3A%20'BOTH'%7D

]
[DEBUG]: Incoming [camera.WebSocketSJMPCamera.WebSocketSJMPCamera] Protocol Connection...
[DEBUG]: Camera [d4705b5f-47a9-4074-aee7-0a1a5e4be138], status [ONLINE] on [172.23.0.1:44814] logged in with sessionid = [e7bda89d393c8ea4f560f1239e3db90d] protocol [<class 'protocols.WebSocketSJMPProtocol.WebSocketSJMPProtocol'>] type [BOTH] 
[DEBUG]: [7e783a18515c]-[0.0.0.0:4093] BaseRequestHandler.setup().
[DEBUG]: [7e783a18515c]-[0.0.0.0:4093] > Received one request from d4705b5f-47a9-4074-aee7-0a1a5e4be138
[STATS]: Messages Processed: nmessages=[1];duration=[0:00:00.000460]
[DEBUG]: WebSocketMessage.getHeaders(): Incomming WS Message type [text].
[DEBUG]: WebSocketMessage.parseMessage(): WS Payload received LEN = [114]
[DEBUG]: {'id': 9, 'matricula': '12345-TFG', 'numAparcamientos': 0, 'ultimoAparcamiento': None, 'idTipoVehiculo': 2, 'idUsuario': 1, 'created_at': datetime.datetime(2022, 5, 5, 2, 27, 33), 'updated_at': datetime.datetime(2022, 5, 5, 2, 27, 33)}
[DEBUG]: {'id': 9, 'matricula': '12345-TFG', 'numAparcamientos': 0, 'ultimoAparcamiento': None, 'idTipoVehiculo': 2, 'idUsuario': 1, 'created_at': datetime.datetime(2022, 5, 5, 2, 27, 33), 'updated_at': datetime.datetime(2022, 5, 5, 2, 27, 33)}
[CRITICAL]:[1054 (42S22): Unknown column 'idVehiculo' in 'where clause']. DBManager.operationQuery(UPDATE Vehiculo SET numAparcamientos=numAparcamientos + 1,ultimoAparcamiento=now() WHERE idVehiculo='9')
[STATS]: [1] elements inserted in [0:00:00.006161] DBManager.operationQuery()
[STATS]: Messages Processed: nmessages=[1];duration=[0:00:00.208888]
[DEBUG]: WebSocketMessage.getHeaders(): Incomming WS Message type [text].
[DEBUG]: WebSocketMessage.parseMessage(): WS Payload received LEN = [115]
[DEBUG]: {'id': 9, 'matricula': '12345-TFG', 'numAparcamientos': 0, 'ultimoAparcamiento': None, 'idTipoVehiculo': 2, 'idUsuario': 1, 'created_at': datetime.datetime(2022, 5, 5, 2, 27, 33), 'updated_at': datetime.datetime(2022, 5, 5, 2, 27, 33)}
[DEBUG]: {'id': 9, 'matricula': '12345-TFG', 'numAparcamientos': 0, 'ultimoAparcamiento': None, 'idTipoVehiculo': 2, 'idUsuario': 1, 'created_at': datetime.datetime(2022, 5, 5, 2, 27, 33), 'updated_at': datetime.datetime(2022, 5, 5, 2, 27, 33)}
[DEBUG]: {'id': 4, 'fechaEntrada': datetime.datetime(2022, 5, 5, 2, 28, 59), 'fechaSalida': None, 'valido': 1, 'incidencia': 0, 'idZona': 8, 'idVehiculo': 9, 'token': '41f480a058fefcabfa447fcdcad7ebb3d2301cf960283bb91d720b9700b533c996e49bb7eee8eafb4364d70155db8598e7c12c61dc3de449063c5ff8a8b0e6a7', 'created_at': datetime.datetime(2022, 5, 5, 2, 28, 59), 'updated_at': datetime.datetime(2022, 5, 5, 2, 28, 59)}
[DEBUG]: {'id': 8, 'letra': 'H', 'plazas': 4, 'idTipoPlaza': 3, 'idAparcamiento': 1, 'created_at': datetime.datetime(2022, 5, 5, 1, 30, 35), 'updated_at': datetime.datetime(2022, 5, 5, 1, 30, 35)}
[STATS]: [1] elements update in [0:00:00.012975] DBManager.operationQuery()
[STATS]: Messages Processed: nmessages=[1];duration=[0:00:00.191093]
[DEBUG]: WebSocketMessage.getHeaders(): Incomming WS Message type [text].
[DEBUG]: WebSocketMessage.parseMessage(): WS Payload received LEN = [114]
[DEBUG]: {'id': 3, 'matricula': '3201-PGL', 'numAparcamientos': 0, 'ultimoAparcamiento': None, 'idTipoVehiculo': 5, 'idUsuario': 1, 'created_at': datetime.datetime(2022, 5, 5, 1, 30, 35), 'updated_at': datetime.datetime(2022, 5, 5, 1, 30, 35)}
[DEBUG]: {'id': 3, 'matricula': '3201-PGL', 'numAparcamientos': 0, 'ultimoAparcamiento': None, 'idTipoVehiculo': 5, 'idUsuario': 1, 'created_at': datetime.datetime(2022, 5, 5, 1, 30, 35), 'updated_at': datetime.datetime(2022, 5, 5, 1, 30, 35)}
[DEBUG]: {'id': 1, 'fechaEntrada': datetime.datetime(2022, 5, 5, 1, 30, 35), 'fechaSalida': None, 'valido': 1, 'incidencia': 1, 'idZona': 4, 'idVehiculo': 3, 'token': '04b5f1d52a7d987dbd13446c55c042e4eea2970329023c48db947271a277ba51b61a2edd8d8ae793bb29adcaddaefac132bbd16f5d81f78556d0e3ef32ca30b3', 'created_at': datetime.datetime(2022, 5, 5, 1, 30, 35), 'updated_at': datetime.datetime(2022, 5, 5, 1, 30, 35)}
[DEBUG]: {'id': 4, 'letra': 'D', 'plazas': 21, 'idTipoPlaza': 1, 'idAparcamiento': 1, 'created_at': datetime.datetime(2022, 5, 5, 1, 30, 35), 'updated_at': datetime.datetime(2022, 5, 5, 1, 30, 35)}
[STATS]: [1] elements update in [0:00:00.006419] DBManager.operationQuery()
[STATS]: Messages Processed: nmessages=[1];duration=[0:00:00.137977]
[DEBUG]: WebSocketMessage.getHeaders(): Incomming WS Message type [close].
[DEBUG]: WebSocketMessage.parseMessage(): WS Payload received LEN = [0]
[INFO]: Connection with [d4705b5f-47a9-4074-aee7-0a1a5e4be138] is Closed
[WARNING]: Something went wrong! BaseCamera.addInputBuffer()
[CRITICAL]: Was not posible to process rawdata. BaseProtocol.loadRequest()
[STATS]: Messages Processed: nmessages=[1];duration=[0:00:00.029084]
